<?xml version="1.0" encoding="UTF-8"?>
<testsuite xmlns:xsi="http://www.w3.org/2001/XMLSchema-instance" xsi:noNamespaceSchemaLocation="https://maven.apache.org/surefire/maven-surefire-plugin/xsd/surefire-test-report.xsd" name="RockPaperSciccors.gameTest" time="0.007" tests="9" errors="0" skipped="0" failures="0">
  <properties>
[...]
</properties>
  <testcase name="sciccorReturZero" classname="RockPaperSciccors.gameTest" time="0.002"/>
  <testcase name="sciccorReturnOne" classname="RockPaperSciccors.gameTest" time="0"/>
  <testcase name="sciccorReturnMinusOne" classname="RockPaperSciccors.gameTest" time="0"/>
  <testcase name="paperReturnMinusOne" classname="RockPaperSciccors.gameTest" time="0"/>
  <testcase name="rockReturnZero" classname="RockPaperSciccors.gameTest" time="0"/>
  <testcase name="Zero" classname="RockPaperSciccors.gameTest" time="0"/>
  <testcase name="paperReturnOne" classname="RockPaperSciccors.gameTest" time="0"/>
  <testcase name="rockReturnMinusOne" classname="RockPaperSciccors.gameTest" time="0"/>
  <testcase name="rockReturnOne" classname="RockPaperSciccors.gameTest" time="0"/>
</testsuite>